architecture:
  hidden_activation_function: sigmoid
  hidden_state_neuron_counts:
  - 64
  output_activation_function: none
  output_feature_count: 1
hyperparameters:
  batch_size: 64
  dropout_rate: null
  grad_clip_norm: null
  grad_clip_value: null
  lambda_L2: null
  learn_rate: 0.01
  loss_func: MSELoss
  optimizer: adam
  reduction: mean
log_id: logs/2025-05-27_00:18:06_auto_regressive_rnn
parameters_fpath: ./params/paramsRNN/auto_regressive
specs:
  auto_regressive: true
  device_type: cpu
  input_feature_count: 1
  stateful: false
  teacher_forcing: regressive
test:
  show_results: true
  test_dataset_size: 50
train:
  epochs: 10000
  show_loss_plot: true
  train_dataset_size: 10000

freq = 5
amp = 1
time_steps = 30
T = 2*np.pi
t, X = genSineWave(time_steps, freq, amp, T, train_dataset_size, vary_dt=False, vary_phase=True, add_noise=False)